<?xml version="1.0" encoding="UTF-8"?>
<!-- Generated by org.testng.reporters.JUnitXMLReporter -->
<testsuite ignored="4" hostname="aziza" failures="0" tests="1" name="Default test" time="20.981" errors="0" timestamp="2023-10-09T01:58:25 EDT">
  <testcase classname="effort_aziza.TestingConfigureTab" name="test5MyTracker" time="11.858"/>
  <testcase classname="effort_aziza.TestingConfigureTab" name="test2KPIsaDropDown" time="0.0">
    <ignored/>
  </testcase> <!-- test2KPIsaDropDown -->
  <testcase classname="effort_aziza.TestingConfigureTab" name="test3ItegritySelfDevelopment" time="0.0">
    <ignored/>
  </testcase> <!-- test3ItegritySelfDevelopment -->
  <testcase classname="effort_aziza.TestingConfigureTab" name="test1EmployeeReviewSearch" time="0.0">
    <ignored/>
  </testcase> <!-- test1EmployeeReviewSearch -->
  <testcase classname="effort_aziza.TestingConfigureTab" name="test4EmployeeTracker" time="0.0">
    <ignored/>
  </testcase> <!-- test4EmployeeTracker -->
</testsuite> <!-- Default test -->
