<?xml version="1.0" encoding="UTF-8"?>
<testng-results ignored="0" total="1" passed="1" failed="0" skipped="0">
  <reporter-output>
  </reporter-output>
  <suite started-at="2023-10-06T00:39:15 EDT" name="Default suite" finished-at="2023-10-06T00:39:45 EDT" duration-ms="30119">
    <groups>
    </groups>
    <test started-at="2023-10-06T00:39:15 EDT" name="Default test" finished-at="2023-10-06T00:39:45 EDT" duration-ms="30119">
      <class name="effort_walid.LON140LON38">
        <test-method is-config="true" signature="getDriver()[pri:0, instance:effort_walid.LON140LON38@27ada0e8]" started-at="2023-10-06T00:39:15 EDT" name="getDriver" finished-at="2023-10-06T00:39:19 EDT" duration-ms="4179" status="PASS">
          <reporter-output>
          </reporter-output>
        </test-method> <!-- getDriver -->
        <test-method signature="PIMTestingReports()[pri:0, instance:effort_walid.LON140LON38@27ada0e8]" started-at="2023-10-06T00:39:19 EDT" name="PIMTestingReports" finished-at="2023-10-06T00:39:45 EDT" duration-ms="25903" status="PASS">
          <reporter-output>
          </reporter-output>
        </test-method> <!-- PIMTestingReports -->
      </class> <!-- effort_walid.LON140LON38 -->
    </test> <!-- Default test -->
  </suite> <!-- Default suite -->
</testng-results>
